Looking for git in: git
Using git 2.7.4 from git
git rev-parse --show-toplevel
git config --get commit.template
git status -z -u
git symbolic-ref --short HEAD
git rev-parse master
git rev-parse --symbolic-full-name --abbrev-ref master@{u}
git rev-list --left-right master...origin/master
git for-each-ref --format %(refname) %(objectname) --sort -committerdate
git remote --verbose
git check-ignore -z --stdin
git status -z -u
git symbolic-ref --short HEAD
git rev-parse master
git rev-parse --symbolic-full-name --abbrev-ref master@{u}
git rev-list --left-right master...origin/master
git for-each-ref --format %(refname) %(objectname) --sort -committerdate
git remote --verbose
git show :README.md
git check-ignore -z --stdin
git show :README.md
git check-ignore -z --stdin
git check-ignore -z --stdin
git check-ignore -z --stdin
git pull
git show :README.md
From https://github.com/siddharths067/php7-host-example
   cc43273..4c6abce  master     -> origin/master

git status -z -u
git symbolic-ref --short HEAD
git rev-parse master
git rev-parse --symbolic-full-name --abbrev-ref master@{u}
git rev-list --left-right master...origin/master
git for-each-ref --format %(refname) %(objectname) --sort -committerdate
git remote --verbose
git check-ignore -z --stdin
git show :README.md
git fetch
git show :README.md
git status -z -u
git symbolic-ref --short HEAD
git rev-parse master
git rev-parse --symbolic-full-name --abbrev-ref master@{u}
git rev-list --left-right master...origin/master
git for-each-ref --format %(refname) %(objectname) --sort -committerdate
git remote --verbose
git show :README.md
git fetch
git show :README.md
git status -z -u
git symbolic-ref --short HEAD
git rev-parse master
git rev-parse --symbolic-full-name --abbrev-ref master@{u}
git rev-list --left-right master...origin/master
git for-each-ref --format %(refname) %(objectname) --sort -committerdate
git remote --verbose
git show :README.md
git fetch
git show :README.md
git status -z -u
git symbolic-ref --short HEAD
git rev-parse master
git rev-parse --symbolic-full-name --abbrev-ref master@{u}
git rev-list --left-right master...origin/master
git for-each-ref --format %(refname) %(objectname) --sort -committerdate
git remote --verbose
git show :README.md
git show :README.md
git fetch
git status -z -u
git symbolic-ref --short HEAD
git rev-parse master
git rev-parse --symbolic-full-name --abbrev-ref master@{u}
git rev-list --left-right master...origin/master
git for-each-ref --format %(refname) %(objectname) --sort -committerdate
git remote --verbose
git check-ignore -z --stdin
git show :README.md
git status -z -u
git symbolic-ref --short HEAD
git rev-parse master
git rev-parse --symbolic-full-name --abbrev-ref master@{u}
git rev-list --left-right master...origin/master
git for-each-ref --format %(refname) %(objectname) --sort -committerdate
git remote --verbose
git show :README.md
git status -z -u
git symbolic-ref --short HEAD
git rev-parse master
git rev-parse --symbolic-full-name --abbrev-ref master@{u}
git rev-list --left-right master...origin/master
git for-each-ref --format %(refname) %(objectname) --sort -committerdate
git remote --verbose
git check-ignore -z --stdin
git show :login.php
git fetch
git show :login.php
git status -z -u
git symbolic-ref --short HEAD
git rev-parse master
git rev-parse --symbolic-full-name --abbrev-ref master@{u}
git rev-list --left-right master...origin/master
git for-each-ref --format %(refname) %(objectname) --sort -committerdate
git remote --verbose
git status -z -u
git symbolic-ref --short HEAD
git rev-parse master
git rev-parse --symbolic-full-name --abbrev-ref master@{u}
git rev-list --left-right master...origin/master
git for-each-ref --format %(refname) %(objectname) --sort -committerdate
git remote --verbose
git show :login.php
git fetch
git show :login.php
git status -z -u
git symbolic-ref --short HEAD
git rev-parse master
git rev-parse --symbolic-full-name --abbrev-ref master@{u}
git rev-list --left-right master...origin/master
git for-each-ref --format %(refname) %(objectname) --sort -committerdate
git remote --verbose
git show :login.php
git fetch
git show :login.php
git status -z -u
git symbolic-ref --short HEAD
git rev-parse master
git rev-parse --symbolic-full-name --abbrev-ref master@{u}
git rev-list --left-right master...origin/master
git for-each-ref --format %(refname) %(objectname) --sort -committerdate
git remote --verbose
git status -z -u
git symbolic-ref --short HEAD
git rev-parse master
git rev-parse --symbolic-full-name --abbrev-ref master@{u}
git rev-list --left-right master...origin/master
git for-each-ref --format %(refname) %(objectname) --sort -committerdate
git remote --verbose
git show :login.php
git status -z -u
git symbolic-ref --short HEAD
git rev-parse master
git rev-parse --symbolic-full-name --abbrev-ref master@{u}
git rev-list --left-right master...origin/master
git for-each-ref --format %(refname) %(objectname) --sort -committerdate
git remote --verbose
git status -z -u
git symbolic-ref --short HEAD
git rev-parse master
git rev-parse --symbolic-full-name --abbrev-ref master@{u}
git rev-list --left-right master...origin/master
git for-each-ref --format %(refname) %(objectname) --sort -committerdate
git remote --verbose
git show :login.php
git fetch
git show :login.php
git status -z -u
git symbolic-ref --short HEAD
git rev-parse master
git rev-parse --symbolic-full-name --abbrev-ref master@{u}
git rev-list --left-right master...origin/master
git for-each-ref --format %(refname) %(objectname) --sort -committerdate
git remote --verbose
git show :login.php
git fetch
git show :login.php
git status -z -u
git symbolic-ref --short HEAD
git rev-parse master
git rev-parse --symbolic-full-name --abbrev-ref master@{u}
git rev-list --left-right master...origin/master
git for-each-ref --format %(refname) %(objectname) --sort -committerdate
git remote --verbose
git status -z -u
git symbolic-ref --short HEAD
git rev-parse master
git rev-parse --symbolic-full-name --abbrev-ref master@{u}
git rev-list --left-right master...origin/master
git for-each-ref --format %(refname) %(objectname) --sort -committerdate
git remote --verbose
git show :login.php
git fetch
git status -z -u
git symbolic-ref --short HEAD
git rev-parse master
git rev-parse --symbolic-full-name --abbrev-ref master@{u}
git rev-list --left-right master...origin/master
git for-each-ref --format %(refname) %(objectname) --sort -committerdate
git remote --verbose
git show :login.php
git status -z -u
git symbolic-ref --short HEAD
git rev-parse master
git rev-parse --symbolic-full-name --abbrev-ref master@{u}
git rev-list --left-right master...origin/master
git for-each-ref --format %(refname) %(objectname) --sort -committerdate
git remote --verbose
git show :login.php
git status -z -u
git symbolic-ref --short HEAD
git rev-parse master
git rev-parse --symbolic-full-name --abbrev-ref master@{u}
git rev-list --left-right master...origin/master
git for-each-ref --format %(refname) %(objectname) --sort -committerdate
git remote --verbose
git fetch
git show :login.php
git status -z -u
git symbolic-ref --short HEAD
git rev-parse master
git rev-parse --symbolic-full-name --abbrev-ref master@{u}
git rev-list --left-right master...origin/master
git for-each-ref --format %(refname) %(objectname) --sort -committerdate
git remote --verbose
git show :login.php
git fetch
git show :login.php
git status -z -u
git symbolic-ref --short HEAD
git rev-parse master
git rev-parse --symbolic-full-name --abbrev-ref master@{u}
git rev-list --left-right master...origin/master
git for-each-ref --format %(refname) %(objectname) --sort -committerdate
git remote --verbose
git status -z -u
git symbolic-ref --short HEAD
git rev-parse master
git rev-parse --symbolic-full-name --abbrev-ref master@{u}
git rev-list --left-right master...origin/master
git for-each-ref --format %(refname) %(objectname) --sort -committerdate
git remote --verbose
git show :login.php
git status -z -u
git symbolic-ref --short HEAD
git rev-parse master
git rev-parse --symbolic-full-name --abbrev-ref master@{u}
git rev-list --left-right master...origin/master
git for-each-ref --format %(refname) %(objectname) --sort -committerdate
git remote --verbose
git status -z -u
git symbolic-ref --short HEAD
git rev-parse master
git rev-parse --symbolic-full-name --abbrev-ref master@{u}
git rev-list --left-right master...origin/master
git for-each-ref --format %(refname) %(objectname) --sort -committerdate
git remote --verbose
git fetch
git show :login.php
git status -z -u
git symbolic-ref --short HEAD
git rev-parse master
git rev-parse --symbolic-full-name --abbrev-ref master@{u}
git rev-list --left-right master...origin/master
git for-each-ref --format %(refname) %(objectname) --sort -committerdate
git remote --verbose
git show :login.php
git status -z -u
git symbolic-ref --short HEAD
git rev-parse master
git rev-parse --symbolic-full-name --abbrev-ref master@{u}
git rev-list --left-right master...origin/master
git for-each-ref --format %(refname) %(objectname) --sort -committerdate
git remote --verbose
git fetch
git show :login.php
git status -z -u
git symbolic-ref --short HEAD
git rev-parse master
git rev-parse --symbolic-full-name --abbrev-ref master@{u}
git rev-list --left-right master...origin/master
git for-each-ref --format %(refname) %(objectname) --sort -committerdate
git remote --verbose
git status -z -u
git symbolic-ref --short HEAD
git rev-parse master
git rev-parse --symbolic-full-name --abbrev-ref master@{u}
git rev-list --left-right master...origin/master
git for-each-ref --format %(refname) %(objectname) --sort -committerdate
git remote --verbose
git show :login.php
git status -z -u
git symbolic-ref --short HEAD
git rev-parse master
git rev-parse --symbolic-full-name --abbrev-ref master@{u}
git rev-list --left-right master...origin/master
git for-each-ref --format %(refname) %(objectname) --sort -committerdate
git remote --verbose
git status -z -u
git symbolic-ref --short HEAD
git rev-parse master
git rev-parse --symbolic-full-name --abbrev-ref master@{u}
git rev-list --left-right master...origin/master
git for-each-ref --format %(refname) %(objectname) --sort -committerdate
git remote --verbose
git status -z -u
git symbolic-ref --short HEAD
git rev-parse master
git rev-parse --symbolic-full-name --abbrev-ref master@{u}
git rev-list --left-right master...origin/master
git for-each-ref --format %(refname) %(objectname) --sort -committerdate
git remote --verbose
git fetch
git show :login.php
git status -z -u
git symbolic-ref --short HEAD
git rev-parse master
git rev-parse --symbolic-full-name --abbrev-ref master@{u}
git rev-list --left-right master...origin/master
git for-each-ref --format %(refname) %(objectname) --sort -committerdate
git remote --verbose
git show :login.php
git status -z -u
git symbolic-ref --short HEAD
git rev-parse master
git rev-parse --symbolic-full-name --abbrev-ref master@{u}
git rev-list --left-right master...origin/master
git for-each-ref --format %(refname) %(objectname) --sort -committerdate
git remote --verbose
git status -z -u
git symbolic-ref --short HEAD
git rev-parse master
git rev-parse --symbolic-full-name --abbrev-ref master@{u}
git rev-list --left-right master...origin/master
git for-each-ref --format %(refname) %(objectname) --sort -committerdate
git remote --verbose
git fetch
git show :login.php
git status -z -u
git symbolic-ref --short HEAD
git rev-parse master
git rev-parse --symbolic-full-name --abbrev-ref master@{u}
git rev-list --left-right master...origin/master
git for-each-ref --format %(refname) %(objectname) --sort -committerdate
git remote --verbose
git show :login.php
git status -z -u
git symbolic-ref --short HEAD
git rev-parse master
git rev-parse --symbolic-full-name --abbrev-ref master@{u}
git rev-list --left-right master...origin/master
git for-each-ref --format %(refname) %(objectname) --sort -committerdate
git remote --verbose
git status -z -u
git symbolic-ref --short HEAD
git rev-parse master
git rev-parse --symbolic-full-name --abbrev-ref master@{u}
git rev-list --left-right master...origin/master
git for-each-ref --format %(refname) %(objectname) --sort -committerdate
git remote --verbose
git fetch
git show :login.php
git status -z -u
git symbolic-ref --short HEAD
git rev-parse master
git rev-parse --symbolic-full-name --abbrev-ref master@{u}
git rev-list --left-right master...origin/master
git for-each-ref --format %(refname) %(objectname) --sort -committerdate
git remote --verbose
git status -z -u
git symbolic-ref --short HEAD
git rev-parse master
git rev-parse --symbolic-full-name --abbrev-ref master@{u}
git rev-list --left-right master...origin/master
git for-each-ref --format %(refname) %(objectname) --sort -committerdate
git remote --verbose
git show :login.php
git fetch
git status -z -u
git symbolic-ref --short HEAD
git rev-parse master
git rev-parse --symbolic-full-name --abbrev-ref master@{u}
git rev-list --left-right master...origin/master
git for-each-ref --format %(refname) %(objectname) --sort -committerdate
git remote --verbose
git show :login.php
git status -z -u
git symbolic-ref --short HEAD
git rev-parse master
git rev-parse --symbolic-full-name --abbrev-ref master@{u}
git rev-list --left-right master...origin/master
git for-each-ref --format %(refname) %(objectname) --sort -committerdate
git remote --verbose
git show :login.php
git status -z -u
git symbolic-ref --short HEAD
git rev-parse master
git rev-parse --symbolic-full-name --abbrev-ref master@{u}
git rev-list --left-right master...origin/master
git for-each-ref --format %(refname) %(objectname) --sort -committerdate
git remote --verbose
git fetch
git show :login.php
git status -z -u
git symbolic-ref --short HEAD
git rev-parse master
git rev-parse --symbolic-full-name --abbrev-ref master@{u}
git rev-list --left-right master...origin/master
git for-each-ref --format %(refname) %(objectname) --sort -committerdate
git remote --verbose
git status -z -u
git symbolic-ref --short HEAD
git rev-parse master
git rev-parse --symbolic-full-name --abbrev-ref master@{u}
git rev-list --left-right master...origin/master
git for-each-ref --format %(refname) %(objectname) --sort -committerdate
git remote --verbose
git show :login.php
git check-ignore -z --stdin
git add -A -- .
git commit --quiet --allow-empty-message --file - --all

*** Please tell me who you are.

Run

  git config --global user.email "you@example.com"
  git config --global user.name "Your Name"

to set your account's default identity.
Omit --global to set the identity only in this repository.

fatal: unable to auto-detect email address (got 'root@anirudh-Lenovo-ideapad-500-15ISK.(none)')

git config --get-all user.name
git status -z -u
git symbolic-ref --short HEAD
git rev-parse master
git rev-parse --symbolic-full-name --abbrev-ref master@{u}
git rev-list --left-right master...origin/master
git for-each-ref --format %(refname) %(objectname) --sort -committerdate
git remote --verbose
git push -u origin master
remote: Permission to siddharths067/php7-host-example.git denied to Ani-agarwal198.
fatal: unable to access 'https://github.com/siddharths067/php7-host-example.git/': The requested URL returned error: 403

git fetch
git status -z -u
git symbolic-ref --short HEAD
git rev-parse master
git rev-parse --symbolic-full-name --abbrev-ref master@{u}
git rev-list --left-right master...origin/master
git for-each-ref --format %(refname) %(objectname) --sort -committerdate
git remote --verbose
git status -z -u
git symbolic-ref --short HEAD
git rev-parse master
git rev-parse --symbolic-full-name --abbrev-ref master@{u}
git rev-list --left-right master...origin/master
git for-each-ref --format %(refname) %(objectname) --sort -committerdate
git remote --verbose
git ls-tree -l HEAD -- /var/www/html/login.php
git show 318f252bb9c86adc987dcac165464bfaeb0fde8e
git ls-files --stage -- /var/www/html/login.php
git cat-file -s d64975e8c1d578e9aa5ffc3b6a9f12aa6be49feb
git show d64975e8c1d578e9aa5ffc3b6a9f12aa6be49feb
git show HEAD:login.php
git show :login.php
git status -z -u
git symbolic-ref --short HEAD
git rev-parse master
git rev-parse --symbolic-full-name --abbrev-ref master@{u}
git rev-list --left-right master...origin/master
git for-each-ref --format %(refname) %(objectname) --sort -committerdate
git remote --verbose
git show HEAD:login.php
git show :login.php
git ls-files --stage -- /var/www/html/users/index.php
git cat-file -s b7e691b162012e1da618ec8648533d4016cb28fa
git show b7e691b162012e1da618ec8648533d4016cb28fa
git show :users/index.php
git fetch
git show :users/index.php
git ls-tree -l HEAD -- /var/www/html/login.php
git show 318f252bb9c86adc987dcac165464bfaeb0fde8e
git ls-files --stage -- /var/www/html/login.php
git cat-file -s d64975e8c1d578e9aa5ffc3b6a9f12aa6be49feb
git show d64975e8c1d578e9aa5ffc3b6a9f12aa6be49feb
git show HEAD:login.php
git show :login.php
git status -z -u
git symbolic-ref --short HEAD
git rev-parse master
git rev-parse --symbolic-full-name --abbrev-ref master@{u}
git rev-list --left-right master...origin/master
git for-each-ref --format %(refname) %(objectname) --sort -committerdate
git remote --verbose
git show HEAD:login.php
git show :login.php
git fetch
git show HEAD:login.php
git show :login.php
git status -z -u
git symbolic-ref --short HEAD
git rev-parse master
git rev-parse --symbolic-full-name --abbrev-ref master@{u}
git rev-list --left-right master...origin/master
git for-each-ref --format %(refname) %(objectname) --sort -committerdate
git remote --verbose
git status -z -u
git symbolic-ref --short HEAD
git rev-parse master
git rev-parse --symbolic-full-name --abbrev-ref master@{u}
git rev-list --left-right master...origin/master
git for-each-ref --format %(refname) %(objectname) --sort -committerdate
git remote --verbose
git show HEAD:login.php
git show :login.php
git check-ignore -z --stdin
git show :index.html
git show :users/index.php
git check-ignore -z --stdin
git show :index.html
git show :login.php
git fetch
git show :login.php
git status -z -u
git symbolic-ref --short HEAD
git rev-parse master
git rev-parse --symbolic-full-name --abbrev-ref master@{u}
git rev-list --left-right master...origin/master
git for-each-ref --format %(refname) %(objectname) --sort -committerdate
git remote --verbose
git status -z -u
git symbolic-ref --short HEAD
git rev-parse master
git rev-parse --symbolic-full-name --abbrev-ref master@{u}
git rev-list --left-right master...origin/master
git for-each-ref --format %(refname) %(objectname) --sort -committerdate
git remote --verbose
git show :login.php
git status -z -u
git symbolic-ref --short HEAD
git rev-parse master
git rev-parse --symbolic-full-name --abbrev-ref master@{u}
git rev-list --left-right master...origin/master
git for-each-ref --format %(refname) %(objectname) --sort -committerdate
git remote --verbose
git status -z -u
git symbolic-ref --short HEAD
git rev-parse master
git rev-parse --symbolic-full-name --abbrev-ref master@{u}
git rev-list --left-right master...origin/master
git for-each-ref --format %(refname) %(objectname) --sort -committerdate
git remote --verbose
git show :login.php
git fetch
git show :login.php
git status -z -u
git symbolic-ref --short HEAD
git rev-parse master
git rev-parse --symbolic-full-name --abbrev-ref master@{u}
git rev-list --left-right master...origin/master
git for-each-ref --format %(refname) %(objectname) --sort -committerdate
git remote --verbose
git status -z -u
git symbolic-ref --short HEAD
git rev-parse master
git rev-parse --symbolic-full-name --abbrev-ref master@{u}
git rev-list --left-right master...origin/master
git for-each-ref --format %(refname) %(objectname) --sort -committerdate
git remote --verbose
git show :login.php
git fetch
git show :login.php
From https://github.com/siddharths067/php7-host-example
   4c6abce..9004b95  master     -> origin/master

git status -z -u
git symbolic-ref --short HEAD
git rev-parse master
git rev-parse --symbolic-full-name --abbrev-ref master@{u}
git rev-list --left-right master...origin/master
git for-each-ref --format %(refname) %(objectname) --sort -committerdate
git remote --verbose
git status -z -u
git symbolic-ref --short HEAD
git rev-parse master
git rev-parse --symbolic-full-name --abbrev-ref master@{u}
git rev-list --left-right master...origin/master
git for-each-ref --format %(refname) %(objectname) --sort -committerdate
git remote --verbose
git show :login.php
git status -z -u
git symbolic-ref --short HEAD
git rev-parse master
git rev-parse --symbolic-full-name --abbrev-ref master@{u}
git rev-list --left-right master...origin/master
git for-each-ref --format %(refname) %(objectname) --sort -committerdate
git remote --verbose
git fetch
git show :login.php
From https://github.com/siddharths067/php7-host-example
   9004b95..87b0d1a  master     -> origin/master

git status -z -u
git symbolic-ref --short HEAD
git rev-parse master
git rev-parse --symbolic-full-name --abbrev-ref master@{u}
git rev-list --left-right master...origin/master
git for-each-ref --format %(refname) %(objectname) --sort -committerdate
git remote --verbose
git status -z -u
git symbolic-ref --short HEAD
git rev-parse master
git rev-parse --symbolic-full-name --abbrev-ref master@{u}
git rev-list --left-right master...origin/master
git for-each-ref --format %(refname) %(objectname) --sort -committerdate
git remote --verbose
git show :login.php
git status -z -u
git symbolic-ref --short HEAD
git rev-parse master
git rev-parse --symbolic-full-name --abbrev-ref master@{u}
git rev-list --left-right master...origin/master
git for-each-ref --format %(refname) %(objectname) --sort -committerdate
git remote --verbose
git show :uploadsite.php
git show :login.php
git status -z -u
git symbolic-ref --short HEAD
git rev-parse master
git rev-parse --symbolic-full-name --abbrev-ref master@{u}
git rev-list --left-right master...origin/master
git for-each-ref --format %(refname) %(objectname) --sort -committerdate
git remote --verbose
git show :login.php
git status -z -u
git symbolic-ref --short HEAD
git rev-parse master
git rev-parse --symbolic-full-name --abbrev-ref master@{u}
git rev-list --left-right master...origin/master
git for-each-ref --format %(refname) %(objectname) --sort -committerdate
git remote --verbose
git status -z -u
git symbolic-ref --short HEAD
git rev-parse master
git rev-parse --symbolic-full-name --abbrev-ref master@{u}
git rev-list --left-right master...origin/master
git for-each-ref --format %(refname) %(objectname) --sort -committerdate
git remote --verbose
git fetch
git status -z -u
git symbolic-ref --short HEAD
git rev-parse master
git rev-parse --symbolic-full-name --abbrev-ref master@{u}
git rev-list --left-right master...origin/master
git for-each-ref --format %(refname) %(objectname) --sort -committerdate
git remote --verbose
git show :login.php
git status -z -u
git symbolic-ref --short HEAD
git rev-parse master
git rev-parse --symbolic-full-name --abbrev-ref master@{u}
git rev-list --left-right master...origin/master
git for-each-ref --format %(refname) %(objectname) --sort -committerdate
git remote --verbose
git show :login.php
git status -z -u
git symbolic-ref --short HEAD
git rev-parse master
git rev-parse --symbolic-full-name --abbrev-ref master@{u}
git rev-list --left-right master...origin/master
git for-each-ref --format %(refname) %(objectname) --sort -committerdate
git remote --verbose
git status -z -u
git symbolic-ref --short HEAD
git rev-parse master
git rev-parse --symbolic-full-name --abbrev-ref master@{u}
git rev-list --left-right master...origin/master
git for-each-ref --format %(refname) %(objectname) --sort -committerdate
git remote --verbose
git show :login.php
git fetch
git show :login.php
git status -z -u
git symbolic-ref --short HEAD
git rev-parse master
git rev-parse --symbolic-full-name --abbrev-ref master@{u}
git rev-list --left-right master...origin/master
git for-each-ref --format %(refname) %(objectname) --sort -committerdate
git remote --verbose
git status -z -u
git symbolic-ref --short HEAD
git rev-parse master
git rev-parse --symbolic-full-name --abbrev-ref master@{u}
git rev-list --left-right master...origin/master
git for-each-ref --format %(refname) %(objectname) --sort -committerdate
git remote --verbose
git show :login.php
git status -z -u
git symbolic-ref --short HEAD
git rev-parse master
git rev-parse --symbolic-full-name --abbrev-ref master@{u}
git rev-list --left-right master...origin/master
git for-each-ref --format %(refname) %(objectname) --sort -committerdate
git remote --verbose
git fetch
git show :login.php
git status -z -u
git symbolic-ref --short HEAD
git rev-parse master
git rev-parse --symbolic-full-name --abbrev-ref master@{u}
git rev-list --left-right master...origin/master
git for-each-ref --format %(refname) %(objectname) --sort -committerdate
git remote --verbose
git status -z -u
git symbolic-ref --short HEAD
git rev-parse master
git rev-parse --symbolic-full-name --abbrev-ref master@{u}
git rev-list --left-right master...origin/master
git for-each-ref --format %(refname) %(objectname) --sort -committerdate
git remote --verbose
git show :login.php
git status -z -u
git symbolic-ref --short HEAD
git rev-parse master
git rev-parse --symbolic-full-name --abbrev-ref master@{u}
git rev-list --left-right master...origin/master
git for-each-ref --format %(refname) %(objectname) --sort -committerdate
git remote --verbose
git show :login.php
git status -z -u
git symbolic-ref --short HEAD
git rev-parse master
git rev-parse --symbolic-full-name --abbrev-ref master@{u}
git rev-list --left-right master...origin/master
git for-each-ref --format %(refname) %(objectname) --sort -committerdate
git remote --verbose
git status -z -u
git symbolic-ref --short HEAD
git rev-parse master
git rev-parse --symbolic-full-name --abbrev-ref master@{u}
git rev-list --left-right master...origin/master
git for-each-ref --format %(refname) %(objectname) --sort -committerdate
git remote --verbose
git status -z -u
git symbolic-ref --short HEAD
git rev-parse master
git rev-parse --symbolic-full-name --abbrev-ref master@{u}
git rev-list --left-right master...origin/master
git for-each-ref --format %(refname) %(objectname) --sort -committerdate
git remote --verbose
git status -z -u
git symbolic-ref --short HEAD
git rev-parse master
git rev-parse --symbolic-full-name --abbrev-ref master@{u}
git rev-list --left-right master...origin/master
git for-each-ref --format %(refname) %(objectname) --sort -committerdate
git remote --verbose
git status -z -u
git symbolic-ref --short HEAD
git rev-parse master
git rev-parse --symbolic-full-name --abbrev-ref master@{u}
git rev-list --left-right master...origin/master
git for-each-ref --format %(refname) %(objectname) --sort -committerdate
git remote --verbose
git status -z -u
git symbolic-ref --short HEAD
git rev-parse master
git rev-parse --symbolic-full-name --abbrev-ref master@{u}
git rev-list --left-right master...origin/master
git for-each-ref --format %(refname) %(objectname) --sort -committerdate
git remote --verbose
git fetch
git show :login.php
git status -z -u
git symbolic-ref --short HEAD
git rev-parse master
git rev-parse --symbolic-full-name --abbrev-ref master@{u}
git rev-list --left-right master...origin/master
git for-each-ref --format %(refname) %(objectname) --sort -committerdate
git remote --verbose
git show :login.php
git fetch
git show :login.php
git status -z -u
git symbolic-ref --short HEAD
git rev-parse master
git rev-parse --symbolic-full-name --abbrev-ref master@{u}
git rev-list --left-right master...origin/master
git for-each-ref --format %(refname) %(objectname) --sort -committerdate
git remote --verbose
git show :login.php
git status -z -u
git symbolic-ref --short HEAD
git rev-parse master
git rev-parse --symbolic-full-name --abbrev-ref master@{u}
git rev-list --left-right master...origin/master
git for-each-ref --format %(refname) %(objectname) --sort -committerdate
git remote --verbose
git status -z -u
git symbolic-ref --short HEAD
git rev-parse master
git rev-parse --symbolic-full-name --abbrev-ref master@{u}
git rev-list --left-right master...origin/master
git for-each-ref --format %(refname) %(objectname) --sort -committerdate
git remote --verbose
git show :uploadsite.php
git pull
git status -z -u
git symbolic-ref --short HEAD
git rev-parse master
git rev-parse --symbolic-full-name --abbrev-ref master@{u}
git rev-list --left-right master...origin/master
git for-each-ref --format %(refname) %(objectname) --sort -committerdate
git remote --verbose
git fetch
git status -z -u
git symbolic-ref --short HEAD
git rev-parse master
git rev-parse --symbolic-full-name --abbrev-ref master@{u}
git rev-list --left-right master...origin/master
git for-each-ref --format %(refname) %(objectname) --sort -committerdate
git remote --verbose
git status -z -u
git symbolic-ref --short HEAD
git rev-parse master
git rev-parse --symbolic-full-name --abbrev-ref master@{u}
git rev-list --left-right master...origin/master
git for-each-ref --format %(refname) %(objectname) --sort -committerdate
git remote --verbose
git check-ignore -z --stdin
git check-ignore -z --stdin
git fetch
git status -z -u
git symbolic-ref --short HEAD
git rev-parse master
git rev-parse --symbolic-full-name --abbrev-ref master@{u}
git rev-list --left-right master...origin/master
git for-each-ref --format %(refname) %(objectname) --sort -committerdate
git remote --verbose
git status -z -u
git symbolic-ref --short HEAD
git rev-parse master
git rev-parse --symbolic-full-name --abbrev-ref master@{u}
git rev-list --left-right master...origin/master
git for-each-ref --format %(refname) %(objectname) --sort -committerdate
git remote --verbose
git pull
git status -z -u
git symbolic-ref --short HEAD
git rev-parse master
git rev-parse --symbolic-full-name --abbrev-ref master@{u}
git rev-list --left-right master...origin/master
git for-each-ref --format %(refname) %(objectname) --sort -committerdate
git remote --verbose
git add -A -- .
git commit --quiet --allow-empty-message --file - --all

*** Please tell me who you are.

Run

  git config --global user.email "you@example.com"
  git config --global user.name "Your Name"

to set your account's default identity.
Omit --global to set the identity only in this repository.

fatal: unable to auto-detect email address (got 'root@anirudh-Lenovo-ideapad-500-15ISK.(none)')

git config --get-all user.name
git status -z -u
git symbolic-ref --short HEAD
git rev-parse master
git rev-parse --symbolic-full-name --abbrev-ref master@{u}
git rev-list --left-right master...origin/master
git for-each-ref --format %(refname) %(objectname) --sort -committerdate
git remote --verbose
git fetch
git status -z -u
git symbolic-ref --short HEAD
git rev-parse master
git rev-parse --symbolic-full-name --abbrev-ref master@{u}
git rev-list --left-right master...origin/master
git for-each-ref --format %(refname) %(objectname) --sort -committerdate
git remote --verbose
git status -z -u
git symbolic-ref --short HEAD
git rev-parse master
git rev-parse --symbolic-full-name --abbrev-ref master@{u}
git rev-list --left-right master...origin/master
git for-each-ref --format %(refname) %(objectname) --sort -committerdate
git remote --verbose
git add -A -- .
git commit --quiet --allow-empty-message --file - --all

*** Please tell me who you are.

Run

  git config --global user.email "you@example.com"
  git config --global user.name "Your Name"

to set your account's default identity.
Omit --global to set the identity only in this repository.

fatal: unable to auto-detect email address (got 'root@anirudh-Lenovo-ideapad-500-15ISK.(none)')

git config --get-all user.name
git status -z -u
git symbolic-ref --short HEAD
git rev-parse master
git rev-parse --symbolic-full-name --abbrev-ref master@{u}
git rev-list --left-right master...origin/master
git for-each-ref --format %(refname) %(objectname) --sort -committerdate
git remote --verbose
git push
warning: push.default is unset; its implicit value has changed in
Git 2.0 from 'matching' to 'simple'. To squelch this message
and maintain the traditional behavior, use:

  git config --global push.default matching

To squelch this message and adopt the new behavior now, use:

  git config --global push.default simple

When push.default is set to 'matching', git will push local branches
to the remote branches that already exist with the same name.

Since Git 2.0, Git defaults to the more conservative 'simple'
behavior, which only pushes the current branch to the corresponding
remote branch that 'git pull' uses to update the current branch.

See 'git help config' and search for 'push.default' for further information.
(the 'simple' mode was introduced in Git 1.7.11. Use the similar mode
'current' instead of 'simple' if you sometimes use older versions of Git)

Everything up-to-date

git status -z -u
git symbolic-ref --short HEAD
git rev-parse master
git rev-parse --symbolic-full-name --abbrev-ref master@{u}
git rev-list --left-right master...origin/master
git for-each-ref --format %(refname) %(objectname) --sort -committerdate
git remote --verbose
git push -u origin master
Everything up-to-date

git status -z -u
git symbolic-ref --short HEAD
git rev-parse master
git rev-parse --symbolic-full-name --abbrev-ref master@{u}
git rev-list --left-right master...origin/master
git for-each-ref --format %(refname) %(objectname) --sort -committerdate
git remote --verbose
git status -z -u
git symbolic-ref --short HEAD
git rev-parse master
git rev-parse --symbolic-full-name --abbrev-ref master@{u}
git rev-list --left-right master...origin/master
git for-each-ref --format %(refname) %(objectname) --sort -committerdate
git remote --verbose
git fetch
git status -z -u
git symbolic-ref --short HEAD
git rev-parse master
git rev-parse --symbolic-full-name --abbrev-ref master@{u}
git rev-list --left-right master...origin/master
git for-each-ref --format %(refname) %(objectname) --sort -committerdate
git remote --verbose
git status -z -u
git symbolic-ref --short HEAD
git rev-parse master
git rev-parse --symbolic-full-name --abbrev-ref master@{u}
git rev-list --left-right master...origin/master
git for-each-ref --format %(refname) %(objectname) --sort -committerdate
git remote --verbose
git push
warning: push.default is unset; its implicit value has changed in
Git 2.0 from 'matching' to 'simple'. To squelch this message
and maintain the traditional behavior, use:

  git config --global push.default matching

To squelch this message and adopt the new behavior now, use:

  git config --global push.default simple

When push.default is set to 'matching', git will push local branches
to the remote branches that already exist with the same name.

Since Git 2.0, Git defaults to the more conservative 'simple'
behavior, which only pushes the current branch to the corresponding
remote branch that 'git pull' uses to update the current branch.

See 'git help config' and search for 'push.default' for further information.
(the 'simple' mode was introduced in Git 1.7.11. Use the similar mode
'current' instead of 'simple' if you sometimes use older versions of Git)

Everything up-to-date

git status -z -u
git symbolic-ref --short HEAD
git rev-parse master
git rev-parse --symbolic-full-name --abbrev-ref master@{u}
git rev-list --left-right master...origin/master
git for-each-ref --format %(refname) %(objectname) --sort -committerdate
git remote --verbose
git push -u origin master
Everything up-to-date

git status -z -u
git symbolic-ref --short HEAD
git rev-parse master
git rev-parse --symbolic-full-name --abbrev-ref master@{u}
git rev-list --left-right master...origin/master
git for-each-ref --format %(refname) %(objectname) --sort -committerdate
git remote --verbose
git status -z -u
git symbolic-ref --short HEAD
git rev-parse master
git rev-parse --symbolic-full-name --abbrev-ref master@{u}
git rev-list --left-right master...origin/master
git for-each-ref --format %(refname) %(objectname) --sort -committerdate
git remote --verbose
git status -z -u
git symbolic-ref --short HEAD
git rev-parse master
git rev-parse --symbolic-full-name --abbrev-ref master@{u}
git rev-list --left-right master...origin/master
git for-each-ref --format %(refname) %(objectname) --sort -committerdate
git remote --verbose
git status -z -u
git symbolic-ref --short HEAD
git rev-parse master
git rev-parse --symbolic-full-name --abbrev-ref master@{u}
git rev-list --left-right master...origin/master
git for-each-ref --format %(refname) %(objectname) --sort -committerdate
git remote --verbose
git status -z -u
git symbolic-ref --short HEAD
git rev-parse master
git rev-parse --symbolic-full-name --abbrev-ref master@{u}
git rev-list --left-right master...origin/master
git for-each-ref --format %(refname) %(objectname) --sort -committerdate
git remote --verbose
git fetch
git status -z -u
git symbolic-ref --short HEAD
git rev-parse master
git rev-parse --symbolic-full-name --abbrev-ref master@{u}
git rev-list --left-right master...origin/master
git for-each-ref --format %(refname) %(objectname) --sort -committerdate
git remote --verbose
git status -z -u
git symbolic-ref --short HEAD
git rev-parse master
git rev-parse --symbolic-full-name --abbrev-ref master@{u}
git rev-list --left-right master...origin/master
git for-each-ref --format %(refname) %(objectname) --sort -committerdate
git remote --verbose
git check-ignore -z --stdin
git status -z -u
git symbolic-ref --short HEAD
git rev-parse master
git rev-parse --symbolic-full-name --abbrev-ref master@{u}
git rev-list --left-right master...origin/master
git for-each-ref --format %(refname) %(objectname) --sort -committerdate
git remote --verbose
git status -z -u
git symbolic-ref --short HEAD
git rev-parse master
git rev-parse --symbolic-full-name --abbrev-ref master@{u}
git rev-list --left-right master...origin/master
git for-each-ref --format %(refname) %(objectname) --sort -committerdate
git remote --verbose
git status -z -u
git symbolic-ref --short HEAD
git rev-parse master
git rev-parse --symbolic-full-name --abbrev-ref master@{u}
git rev-list --left-right master...origin/master
git for-each-ref --format %(refname) %(objectname) --sort -committerdate
git remote --verbose
git fetch
git status -z -u
git symbolic-ref --short HEAD
git rev-parse master
git rev-parse --symbolic-full-name --abbrev-ref master@{u}
git rev-list --left-right master...origin/master
git for-each-ref --format %(refname) %(objectname) --sort -committerdate
git remote --verbose
git status -z -u
git symbolic-ref --short HEAD
git rev-parse master
git rev-parse --symbolic-full-name --abbrev-ref master@{u}
git rev-list --left-right master...origin/master
git for-each-ref --format %(refname) %(objectname) --sort -committerdate
git remote --verbose
