[2018-03-04 11:06:15.023] [exthost1] [info] extension host started
[2018-03-04 11:06:15.042] [exthost1] [info] ExtensionService#_doActivateExtension vscode.emmet {"startup":true,"activationEvent":"*"}
[2018-03-04 11:06:15.043] [exthost1] [info] ExtensionService#loadCommonJSModule /usr/share/code/resources/app/extensions/emmet/out/extension
[2018-03-04 11:06:15.098] [exthost1] [info] ExtensionService#_doActivateExtension vscode.git {"startup":true,"activationEvent":"*"}
[2018-03-04 11:06:15.098] [exthost1] [info] ExtensionService#loadCommonJSModule /usr/share/code/resources/app/extensions/git/out/main
[2018-03-04 11:06:15.155] [exthost1] [info] ExtensionService#_doActivateExtension vscode.merge-conflict {"startup":true,"activationEvent":"*"}
[2018-03-04 11:06:15.155] [exthost1] [info] ExtensionService#loadCommonJSModule /usr/share/code/resources/app/extensions/merge-conflict/out/extension
[2018-03-04 11:06:15.166] [exthost1] [info] eager extensions activated
[2018-03-04 11:52:49.144] [exthost1] [info] extension host started
[2018-03-04 11:52:49.168] [exthost1] [info] ExtensionService#_doActivateExtension vscode.emmet {"startup":true,"activationEvent":"*"}
[2018-03-04 11:52:49.169] [exthost1] [info] ExtensionService#loadCommonJSModule /usr/share/code/resources/app/extensions/emmet/out/extension
[2018-03-04 11:52:49.220] [exthost1] [info] ExtensionService#_doActivateExtension vscode.git {"startup":true,"activationEvent":"*"}
[2018-03-04 11:52:49.220] [exthost1] [info] ExtensionService#loadCommonJSModule /usr/share/code/resources/app/extensions/git/out/main
[2018-03-04 11:52:49.277] [exthost1] [info] ExtensionService#_doActivateExtension vscode.merge-conflict {"startup":true,"activationEvent":"*"}
[2018-03-04 11:52:49.277] [exthost1] [info] ExtensionService#loadCommonJSModule /usr/share/code/resources/app/extensions/merge-conflict/out/extension
[2018-03-04 11:52:49.290] [exthost1] [info] eager extensions activated
[2018-03-04 11:53:02.937] [exthost1] [info] ExtensionService#_doActivateExtension vscode.extension-editing {"startup":false,"activationEvent":"onLanguage:markdown"}
[2018-03-04 11:53:02.937] [exthost1] [info] ExtensionService#loadCommonJSModule /usr/share/code/resources/app/extensions/extension-editing/out/extension
[2018-03-04 11:53:02.950] [exthost1] [info] ExtensionService#_doActivateExtension Microsoft.vscode-markdown {"startup":false,"activationEvent":"onLanguage:markdown"}
[2018-03-04 11:53:02.950] [exthost1] [info] ExtensionService#loadCommonJSModule /usr/share/code/resources/app/extensions/markdown/out/extension
[2018-03-04 11:54:22.523] [exthost1] [info] ExtensionService#_doActivateExtension vscode.configuration-editing {"startup":false,"activationEvent":"onLanguage:jsonc"}
[2018-03-04 11:54:22.523] [exthost1] [info] ExtensionService#loadCommonJSModule /usr/share/code/resources/app/extensions/configuration-editing/out/extension
[2018-03-04 11:54:22.534] [exthost1] [info] ExtensionService#_doActivateExtension vscode.json {"startup":false,"activationEvent":"onLanguage:jsonc"}
[2018-03-04 11:54:22.534] [exthost1] [info] ExtensionService#loadCommonJSModule /usr/share/code/resources/app/extensions/json/client/out/jsonMain
[2018-03-04 12:28:09.467] [exthost1] [info] ExtensionService#_doActivateExtension vscode.php {"startup":false,"activationEvent":"onLanguage:php"}
[2018-03-04 12:28:09.467] [exthost1] [info] ExtensionService#loadCommonJSModule /usr/share/code/resources/app/extensions/php/out/phpMain
[2018-03-04 13:51:13.032] [exthost1] [info] ExtensionService#_doActivateExtension vscode.html {"startup":false,"activationEvent":"onLanguage:html"}
[2018-03-04 13:51:13.032] [exthost1] [info] ExtensionService#loadCommonJSModule /usr/share/code/resources/app/extensions/html/client/out/htmlMain
